<?xml version="1.0" encoding="UTF-8"?>
<!-- Generated by org.testng.reporters.JUnitXMLReporter -->
<testsuite hostname="Nejlas-MacBook-Air.local" ignored="0" name="Default test" tests="6" failures="0" timestamp="15 Jul 2018 06:38:09 GMT" time="29.4" errors="0">
  <testcase name="test1" time="0.012" classname="practice.SeleniumPractice"/>
  <testcase name="bmwRadioButton" time="4.212" classname="practice.SeleniumPractice"/>
  <testcase name="checkBox" time="4.241" classname="practice.SeleniumPractice"/>
  <testcase name="alert" time="2.274" classname="practice.SeleniumPractice"/>
  <testcase name="LoginLink" time="5.179" classname="practice.SeleniumPractice"/>
  <testcase name="forgotPassword" time="0.578" classname="practice.SeleniumPractice"/>
</testsuite> <!-- Default test -->
