<?xml version="1.0" encoding="UTF-8"?>
<testng-results skipped="0" failed="0" ignored="0" total="6" passed="6">
  <reporter-output>
  </reporter-output>
  <suite name="Default suite" duration-ms="29400" started-at="2018-07-15T06:37:40Z" finished-at="2018-07-15T06:38:09Z">
    <groups>
    </groups>
    <test name="Default test" duration-ms="29400" started-at="2018-07-15T06:37:40Z" finished-at="2018-07-15T06:38:09Z">
      <class name="practice.SeleniumPractice">
        <test-method status="PASS" signature="setUp()[pri:0, instance:practice.SeleniumPractice@343f4d3d]" name="setUp" is-config="true" duration-ms="10877" started-at="2018-07-15T06:37:40Z" finished-at="2018-07-15T06:37:51Z">
          <reporter-output>
          </reporter-output>
        </test-method> <!-- setUp -->
        <test-method status="PASS" signature="test1()[pri:0, instance:practice.SeleniumPractice@343f4d3d]" name="test1" duration-ms="12" started-at="2018-07-15T06:37:51Z" finished-at="2018-07-15T06:37:51Z">
          <reporter-output>
          </reporter-output>
        </test-method> <!-- test1 -->
        <test-method status="PASS" signature="bmwRadioButton()[pri:1, instance:practice.SeleniumPractice@343f4d3d]" name="bmwRadioButton" duration-ms="4212" started-at="2018-07-15T06:37:51Z" finished-at="2018-07-15T06:37:55Z">
          <reporter-output>
          </reporter-output>
        </test-method> <!-- bmwRadioButton -->
        <test-method status="PASS" signature="checkBox()[pri:2, instance:practice.SeleniumPractice@343f4d3d]" name="checkBox" duration-ms="4241" started-at="2018-07-15T06:37:55Z" finished-at="2018-07-15T06:37:59Z">
          <reporter-output>
          </reporter-output>
        </test-method> <!-- checkBox -->
        <test-method status="PASS" signature="alert()[pri:4, instance:practice.SeleniumPractice@343f4d3d]" name="alert" duration-ms="2274" started-at="2018-07-15T06:37:59Z" finished-at="2018-07-15T06:38:01Z">
          <reporter-output>
          </reporter-output>
        </test-method> <!-- alert -->
        <test-method status="PASS" signature="LoginLink()[pri:5, instance:practice.SeleniumPractice@343f4d3d]" name="LoginLink" duration-ms="5179" started-at="2018-07-15T06:38:01Z" finished-at="2018-07-15T06:38:07Z">
          <reporter-output>
          </reporter-output>
        </test-method> <!-- LoginLink -->
        <test-method status="PASS" signature="forgotPassword()[pri:6, instance:practice.SeleniumPractice@343f4d3d]" name="forgotPassword" duration-ms="578" started-at="2018-07-15T06:38:07Z" finished-at="2018-07-15T06:38:07Z">
          <reporter-output>
          </reporter-output>
        </test-method> <!-- forgotPassword -->
        <test-method status="PASS" signature="tearDown()[pri:0, instance:practice.SeleniumPractice@343f4d3d]" name="tearDown" is-config="true" duration-ms="2001" started-at="2018-07-15T06:38:07Z" finished-at="2018-07-15T06:38:09Z">
          <reporter-output>
          </reporter-output>
        </test-method> <!-- tearDown -->
      </class> <!-- practice.SeleniumPractice -->
    </test> <!-- Default test -->
  </suite> <!-- Default suite -->
</testng-results>
